{"/workspace/s3-simpler/src/config.ts": {"path":"/workspace/s3-simpler/src/config.ts","statementMap":{"0":{"start":{"line":1,"column":0},"end":{"line":1,"column":46}},"1":{"start":{"line":3,"column":15},"end":{"line":3,"column":33}},"2":{"start":{"line":5,"column":13},"end":{"line":5,"column":49}},"3":{"start":{"line":7,"column":13},"end":{"line":7,"column":32}}},"fnMap":{},"branchMap":{},"s":{"0":6,"1":6,"2":6,"3":6},"f":{},"b":{}}
,"/workspace/s3-simpler/src/createMultipartUploads.ts": {"path":"/workspace/s3-simpler/src/createMultipartUploads.ts","statementMap":{"0":{"start":{"line":1,"column":0},"end":{"line":1,"column":41}},"1":{"start":{"line":2,"column":0},"end":{"line":2,"column":20}},"2":{"start":{"line":3,"column":0},"end":{"line":3,"column":24}},"3":{"start":{"line":4,"column":0},"end":{"line":4,"column":null}},"4":{"start":{"line":11,"column":0},"end":{"line":11,"column":48}},"5":{"start":{"line":31,"column":21},"end":{"line":31,"column":74}},"6":{"start":{"line":32,"column":16},"end":{"line":32,"column":64}},"7":{"start":{"line":33,"column":32},"end":{"line":37,"column":4}},"8":{"start":{"line":38,"column":22},"end":{"line":38,"column":46}},"9":{"start":{"line":39,"column":2},"end":{"line":39,"column":21}},"10":{"start":{"line":28,"column":0},"end":{"line":28,"column":7}},"11":{"start":{"line":50,"column":20},"end":{"line":50,"column":60}},"12":{"start":{"line":51,"column":28},"end":{"line":51,"column":60}},"13":{"start":{"line":52,"column":2},"end":{"line":52,"column":27}},"14":{"start":{"line":47,"column":0},"end":{"line":47,"column":7}},"15":{"start":{"line":62,"column":2},"end":{"line":62,"column":56}},"16":{"start":{"line":63,"column":2},"end":{"line":63,"column":69}},"17":{"start":{"line":64,"column":29},"end":{"line":66,"column":66}},"18":{"start":{"line":66,"column":36},"end":{"line":66,"column":64}},"19":{"start":{"line":67,"column":2},"end":{"line":67,"column":15}},"20":{"start":{"line":60,"column":0},"end":{"line":60,"column":16}},"21":{"start":{"line":76,"column":55},"end":{"line":76,"column":59}},"22":{"start":{"line":79,"column":2},"end":{"line":96,"column":4}},"23":{"start":{"line":81,"column":6},"end":{"line":81,"column":14}},"24":{"start":{"line":82,"column":20},"end":{"line":88,"column":9}},"25":{"start":{"line":89,"column":33},"end":{"line":89,"column":61}},"26":{"start":{"line":91,"column":6},"end":{"line":94,"column":25}},"27":{"start":{"line":75,"column":0},"end":{"line":75,"column":7}}},"fnMap":{"0":{"name":"multipartUpload","decl":{"start":{"line":28,"column":22},"end":{"line":28,"column":37}},"loc":{"start":{"line":29,"column":46},"end":{"line":40,"column":1}}},"1":{"name":"createMultipartUploads","decl":{"start":{"line":47,"column":22},"end":{"line":47,"column":44}},"loc":{"start":{"line":48,"column":29},"end":{"line":53,"column":1}}},"2":{"name":"splitLargeFile","decl":{"start":{"line":60,"column":16},"end":{"line":60,"column":30}},"loc":{"start":{"line":60,"column":48},"end":{"line":68,"column":1}}},"3":{"name":"(anonymous_4)","decl":{"start":{"line":66,"column":13},"end":{"line":66,"column":15}},"loc":{"start":{"line":66,"column":36},"end":{"line":66,"column":64}}},"4":{"name":"uploadPart","decl":{"start":{"line":75,"column":22},"end":{"line":75,"column":32}},"loc":{"start":{"line":75,"column":55},"end":{"line":97,"column":1}}},"5":{"name":"(anonymous_6)","decl":{"start":{"line":80,"column":15},"end":{"line":80,"column":20}},"loc":{"start":{"line":80,"column":50},"end":{"line":95,"column":5}}}},"branchMap":{},"s":{"0":2,"1":2,"2":2,"3":2,"4":2,"5":2,"6":1,"7":1,"8":1,"9":1,"10":2,"11":4,"12":4,"13":2,"14":2,"15":1,"16":1,"17":1,"18":23,"19":1,"20":2,"21":1,"22":1,"23":0,"24":0,"25":0,"26":0,"27":2},"f":{"0":2,"1":4,"2":1,"3":23,"4":1,"5":0},"b":{}}
,"/workspace/s3-simpler/src/downloadFromS3.ts": {"path":"/workspace/s3-simpler/src/downloadFromS3.ts","statementMap":{"0":{"start":{"line":1,"column":0},"end":{"line":1,"column":20}},"1":{"start":{"line":2,"column":0},"end":{"line":2,"column":24}},"2":{"start":{"line":4,"column":0},"end":{"line":4,"column":77}},"3":{"start":{"line":5,"column":0},"end":{"line":5,"column":36}},"4":{"start":{"line":20,"column":50},"end":{"line":20,"column":54}},"5":{"start":{"line":21,"column":14},"end":{"line":21,"column":50}},"6":{"start":{"line":22,"column":50},"end":{"line":25,"column":4}},"7":{"start":{"line":26,"column":2},"end":{"line":46,"column":null}},"8":{"start":{"line":27,"column":19},"end":{"line":27,"column":78}},"9":{"start":{"line":29,"column":4},"end":{"line":42,"column":7}},"10":{"start":{"line":30,"column":19},"end":{"line":30,"column":42}},"11":{"start":{"line":32,"column":27},"end":{"line":32,"column":55}},"12":{"start":{"line":33,"column":23},"end":{"line":33,"column":70}},"13":{"start":{"line":35,"column":6},"end":{"line":41,"column":9}},"14":{"start":{"line":36,"column":8},"end":{"line":36,"column":30}},"15":{"start":{"line":38,"column":8},"end":{"line":38,"column":30}},"16":{"start":{"line":40,"column":8},"end":{"line":40,"column":29}},"17":{"start":{"line":44,"column":4},"end":{"line":44,"column":23}},"18":{"start":{"line":45,"column":4},"end":{"line":45,"column":65}},"19":{"start":{"line":19,"column":0},"end":{"line":19,"column":7}}},"fnMap":{"0":{"name":"downloadFromS3","decl":{"start":{"line":19,"column":22},"end":{"line":19,"column":36}},"loc":{"start":{"line":19,"column":57},"end":{"line":47,"column":1}}},"1":{"name":"(anonymous_2)","decl":{"start":{"line":29,"column":37},"end":{"line":29,"column":38}},"loc":{"start":{"line":29,"column":49},"end":{"line":42,"column":5}}},"2":{"name":"(anonymous_3)","decl":{"start":{"line":35,"column":39},"end":{"line":35,"column":42}},"loc":{"start":{"line":35,"column":44},"end":{"line":37,"column":7}}},"3":{"name":"(anonymous_4)","decl":{"start":{"line":37,"column":20},"end":{"line":37,"column":23}},"loc":{"start":{"line":37,"column":25},"end":{"line":39,"column":7}}},"4":{"name":"(anonymous_5)","decl":{"start":{"line":39,"column":21},"end":{"line":39,"column":24}},"loc":{"start":{"line":39,"column":26},"end":{"line":41,"column":7}}}},"branchMap":{},"s":{"0":1,"1":1,"2":1,"3":1,"4":2,"5":2,"6":2,"7":2,"8":2,"9":1,"10":1,"11":1,"12":1,"13":1,"14":0,"15":1,"16":0,"17":1,"18":1,"19":1},"f":{"0":2,"1":1,"2":0,"3":1,"4":0},"b":{}}
,"/workspace/s3-simpler/src/generatePresignedUrl.ts": {"path":"/workspace/s3-simpler/src/generatePresignedUrl.ts","statementMap":{"0":{"start":{"line":1,"column":0},"end":{"line":1,"column":77}},"1":{"start":{"line":2,"column":0},"end":{"line":2,"column":61}},"2":{"start":{"line":3,"column":0},"end":{"line":3,"column":36}},"3":{"start":{"line":13,"column":18},"end":{"line":13,"column":44}},"4":{"start":{"line":14,"column":24},"end":{"line":14,"column":28}},"5":{"start":{"line":16,"column":14},"end":{"line":18,"column":4}},"6":{"start":{"line":19,"column":2},"end":{"line":19,"column":13}},"7":{"start":{"line":12,"column":0},"end":{"line":12,"column":7}}},"fnMap":{"0":{"name":"generatePresignedUrl","decl":{"start":{"line":12,"column":22},"end":{"line":12,"column":42}},"loc":{"start":{"line":12,"column":61},"end":{"line":20,"column":1}}}},"branchMap":{},"s":{"0":2,"1":2,"2":2,"3":1,"4":1,"5":1,"6":1,"7":2},"f":{"0":1},"b":{}}
,"/workspace/s3-simpler/src/listMultipartUploads.ts": {"path":"/workspace/s3-simpler/src/listMultipartUploads.ts","statementMap":{"0":{"start":{"line":1,"column":0},"end":{"line":1,"column":null}},"1":{"start":{"line":5,"column":0},"end":{"line":5,"column":36}},"2":{"start":{"line":15,"column":30},"end":{"line":17,"column":4}},"3":{"start":{"line":18,"column":38},"end":{"line":18,"column":78}},"4":{"start":{"line":19,"column":2},"end":{"line":19,"column":37}},"5":{"start":{"line":12,"column":0},"end":{"line":12,"column":7}}},"fnMap":{"0":{"name":"listMultipartsUploads","decl":{"start":{"line":12,"column":22},"end":{"line":12,"column":43}},"loc":{"start":{"line":13,"column":20},"end":{"line":20,"column":1}}}},"branchMap":{},"s":{"0":2,"1":2,"2":4,"3":4,"4":3,"5":2},"f":{"0":4},"b":{}}
,"/workspace/s3-simpler/src/uploadMultipart.ts": {"path":"/workspace/s3-simpler/src/uploadMultipart.ts","statementMap":{"0":{"start":{"line":1,"column":0},"end":{"line":1,"column":null}},"1":{"start":{"line":9,"column":0},"end":{"line":9,"column":36}},"2":{"start":{"line":25,"column":46},"end":{"line":25,"column":50}},"3":{"start":{"line":27,"column":2},"end":{"line":48,"column":5}},"4":{"start":{"line":29,"column":65},"end":{"line":31,"column":8}},"5":{"start":{"line":32,"column":32},"end":{"line":32,"column":39}},"6":{"start":{"line":33,"column":38},"end":{"line":38,"column":8}},"7":{"start":{"line":39,"column":46},"end":{"line":40,"column":null}},"8":{"start":{"line":42,"column":6},"end":{"line":42,"column":45}},"9":{"start":{"line":45,"column":63},"end":{"line":45,"column":67}},"10":{"start":{"line":46,"column":4},"end":{"line":46,"column":36}},"11":{"start":{"line":47,"column":4},"end":{"line":47,"column":16}},"12":{"start":{"line":24,"column":0},"end":{"line":24,"column":7}},"13":{"start":{"line":58,"column":30},"end":{"line":58,"column":34}},"14":{"start":{"line":59,"column":2},"end":{"line":69,"column":4}},"15":{"start":{"line":61,"column":32},"end":{"line":61,"column":39}},"16":{"start":{"line":62,"column":20},"end":{"line":66,"column":8}},"17":{"start":{"line":67,"column":6},"end":{"line":67,"column":34}},"18":{"start":{"line":57,"column":0},"end":{"line":57,"column":7}}},"fnMap":{"0":{"name":"uploadMultipart","decl":{"start":{"line":24,"column":22},"end":{"line":24,"column":37}},"loc":{"start":{"line":24,"column":59},"end":{"line":49,"column":1}}},"1":{"name":"(anonymous_1)","decl":{"start":{"line":28,"column":30},"end":{"line":28,"column":35}},"loc":{"start":{"line":28,"column":65},"end":{"line":43,"column":5}}},"2":{"name":"(anonymous_2)","decl":{"start":{"line":44,"column":10},"end":{"line":44,"column":15}},"loc":{"start":{"line":44,"column":26},"end":{"line":48,"column":3}}},"3":{"name":"abortMultipart","decl":{"start":{"line":57,"column":22},"end":{"line":57,"column":36}},"loc":{"start":{"line":57,"column":52},"end":{"line":70,"column":1}}},"4":{"name":"(anonymous_4)","decl":{"start":{"line":60,"column":30},"end":{"line":60,"column":35}},"loc":{"start":{"line":60,"column":65},"end":{"line":68,"column":5}}}},"branchMap":{},"s":{"0":2,"1":2,"2":2,"3":2,"4":2,"5":2,"6":2,"7":2,"8":2,"9":0,"10":0,"11":0,"12":2,"13":1,"14":1,"15":1,"16":1,"17":1,"18":2},"f":{"0":2,"1":2,"2":0,"3":1,"4":1},"b":{}}
,"/workspace/s3-simpler/src/uploadToS3.ts": {"path":"/workspace/s3-simpler/src/uploadToS3.ts","statementMap":{"0":{"start":{"line":1,"column":0},"end":{"line":1,"column":null}},"1":{"start":{"line":5,"column":0},"end":{"line":5,"column":62}},"2":{"start":{"line":6,"column":0},"end":{"line":6,"column":63}},"3":{"start":{"line":7,"column":0},"end":{"line":7,"column":68}},"4":{"start":{"line":24,"column":26},"end":{"line":24,"column":30}},"5":{"start":{"line":25,"column":20},"end":{"line":25,"column":57}},"6":{"start":{"line":26,"column":2},"end":{"line":42,"column":null}},"7":{"start":{"line":27,"column":27},"end":{"line":27,"column":56}},"8":{"start":{"line":28,"column":4},"end":{"line":28,"column":85}},"9":{"start":{"line":29,"column":16},"end":{"line":33,"column":7}},"10":{"start":{"line":34,"column":4},"end":{"line":34,"column":15}},"11":{"start":{"line":36,"column":4},"end":{"line":36,"column":25}},"12":{"start":{"line":37,"column":4},"end":{"line":40,"column":8}},"13":{"start":{"line":41,"column":4},"end":{"line":41,"column":57}},"14":{"start":{"line":23,"column":0},"end":{"line":23,"column":7}}},"fnMap":{"0":{"name":"uploadToS3","decl":{"start":{"line":23,"column":22},"end":{"line":23,"column":32}},"loc":{"start":{"line":23,"column":61},"end":{"line":43,"column":1}}}},"branchMap":{},"s":{"0":1,"1":1,"2":1,"3":1,"4":2,"5":2,"6":2,"7":2,"8":1,"9":1,"10":1,"11":1,"12":1,"13":1,"14":1},"f":{"0":2},"b":{}}
}
