TN:
SF:src/config.ts
FNF:0
FNH:0
DA:1,6
DA:3,6
DA:5,6
DA:7,6
LF:4
LH:4
BRF:0
BRH:0
end_of_record
TN:
SF:src/createMultipartUploads.ts
FN:28,multipartUpload
FN:47,createMultipartUploads
FN:60,splitLargeFile
FN:66,(anonymous_4)
FN:75,uploadPart
FN:80,(anonymous_6)
FNF:6
FNH:5
FNDA:2,multipartUpload
FNDA:4,createMultipartUploads
FNDA:1,splitLargeFile
FNDA:23,(anonymous_4)
FNDA:1,uploadPart
FNDA:0,(anonymous_6)
DA:1,2
DA:2,2
DA:3,2
DA:4,2
DA:11,2
DA:28,2
DA:31,2
DA:32,1
DA:33,1
DA:38,1
DA:39,1
DA:47,2
DA:50,4
DA:51,4
DA:52,2
DA:60,2
DA:62,1
DA:63,1
DA:64,1
DA:66,23
DA:67,1
DA:75,2
DA:76,1
DA:79,1
DA:81,0
DA:82,0
DA:89,0
DA:91,0
LF:28
LH:24
BRF:0
BRH:0
end_of_record
TN:
SF:src/downloadFromS3.ts
FN:19,downloadFromS3
FN:29,(anonymous_2)
FN:35,(anonymous_3)
FN:37,(anonymous_4)
FN:39,(anonymous_5)
FNF:5
FNH:3
FNDA:2,downloadFromS3
FNDA:1,(anonymous_2)
FNDA:0,(anonymous_3)
FNDA:1,(anonymous_4)
FNDA:0,(anonymous_5)
DA:1,1
DA:2,1
DA:4,1
DA:5,1
DA:19,1
DA:20,2
DA:21,2
DA:22,2
DA:26,2
DA:27,2
DA:29,1
DA:30,1
DA:32,1
DA:33,1
DA:35,1
DA:36,0
DA:38,1
DA:40,0
DA:44,1
DA:45,1
LF:20
LH:18
BRF:0
BRH:0
end_of_record
TN:
SF:src/generatePresignedUrl.ts
FN:12,generatePresignedUrl
FNF:1
FNH:1
FNDA:1,generatePresignedUrl
DA:1,2
DA:2,2
DA:3,2
DA:12,2
DA:13,1
DA:14,1
DA:16,1
DA:19,1
LF:8
LH:8
BRF:0
BRH:0
end_of_record
TN:
SF:src/listMultipartUploads.ts
FN:12,listMultipartsUploads
FNF:1
FNH:1
FNDA:4,listMultipartsUploads
DA:1,2
DA:5,2
DA:12,2
DA:15,4
DA:18,4
DA:19,3
LF:6
LH:6
BRF:0
BRH:0
end_of_record
TN:
SF:src/uploadMultipart.ts
FN:24,uploadMultipart
FN:28,(anonymous_1)
FN:44,(anonymous_2)
FN:57,abortMultipart
FN:60,(anonymous_4)
FNF:5
FNH:4
FNDA:2,uploadMultipart
FNDA:2,(anonymous_1)
FNDA:0,(anonymous_2)
FNDA:1,abortMultipart
FNDA:1,(anonymous_4)
DA:1,2
DA:9,2
DA:24,2
DA:25,2
DA:27,2
DA:29,2
DA:32,2
DA:33,2
DA:39,2
DA:42,2
DA:45,0
DA:46,0
DA:47,0
DA:57,2
DA:58,1
DA:59,1
DA:61,1
DA:62,1
DA:67,1
LF:19
LH:16
BRF:0
BRH:0
end_of_record
TN:
SF:src/uploadToS3.ts
FN:23,uploadToS3
FNF:1
FNH:1
FNDA:2,uploadToS3
DA:1,1
DA:5,1
DA:6,1
DA:7,1
DA:23,1
DA:24,2
DA:25,2
DA:26,2
DA:27,2
DA:28,1
DA:29,1
DA:34,1
DA:36,1
DA:37,1
DA:41,1
LF:15
LH:15
BRF:0
BRH:0
end_of_record
